2018/1/15 15:48:28, Info: Initializing SIMPLSharp Services...
2018/1/15 15:48:32, Info: ProjectInfo successfully initialized.
2018/1/15 15:52:44, Info: Saving project information...
2018/1/15 15:52:45, Info: Saving project information...
2018/1/15 15:52:45, Info: Saving project information...
2018/1/15 15:57:44, Info: Saving project information...
2018/1/15 15:57:44, Info: Saving project information...
2018/1/15 15:57:44, Info: Saving project information...
2018/1/15 16:02:44, Info: Saving project information...
2018/1/15 16:02:44, Info: Saving project information...
2018/1/15 16:02:44, Info: Saving project information...
2018/1/15 16:07:44, Info: Saving project information...
2018/1/15 16:07:45, Info: Saving project information...
2018/1/15 16:07:45, Info: Saving project information...
2018/1/15 16:12:44, Info: Saving project information...
2018/1/15 16:12:45, Info: Saving project information...
2018/1/15 16:12:45, Info: Saving project information...
2018/1/15 16:17:44, Info: Saving project information...
2018/1/15 16:17:44, Info: Saving project information...
2018/1/15 16:17:44, Info: Saving project information...
2018/1/15 16:22:44, Info: Saving project information...
2018/1/15 16:22:44, Info: Saving project information...
2018/1/15 16:22:44, Info: Saving project information...
2018/1/15 16:24:11, Info: Saving project information...
2018/1/15 16:24:11, Info: Saving project information...
2018/1/15 16:24:11, Info: Saving project information...
2018/1/15 16:24:11, Info: Saving project information...
2018/1/15 16:24:11, Info: Saving project information...
2018/1/15 16:24:11, Info: Saving project information...
2018/1/15 16:24:20, Info: Validating assembly C:\Users\Administrator\Desktop\Crestron\CrestronProgram\crestron\crestron\bin\Debug\crestron.dll...
2018/1/15 16:24:21, Info: Verifying assembly C:\Users\Administrator\Desktop\Crestron\CrestronProgram\crestron\crestron\bin\Debug\crestron.dll
2018/1/15 16:24:23, Info: Creating Archive C:\Users\Administrator\Desktop\Crestron\CrestronProgram\crestron\crestron\bin\Debug\crestron.cplz...
2018/1/15 16:24:25, Info: Saving project information...
2018/1/15 16:31:31, Info: Validating assembly C:\Users\Administrator\Desktop\Crestron\CrestronProgram\crestron\crestron\bin\Debug\crestron.dll...
2018/1/15 16:31:32, Info: Verifying assembly C:\Users\Administrator\Desktop\Crestron\CrestronProgram\crestron\crestron\bin\Debug\crestron.dll
2018/1/15 16:31:32, Info: Creating Archive C:\Users\Administrator\Desktop\Crestron\CrestronProgram\crestron\crestron\bin\Debug\crestron.cplz...
2018/1/15 16:31:35, Info: Saving project information...
2018/1/15 16:33:13, Info: Validating assembly C:\Users\Administrator\Desktop\Crestron\CrestronProgram\crestron\crestron\bin\Debug\crestron.dll...
2018/1/15 16:33:14, Info: Verifying assembly C:\Users\Administrator\Desktop\Crestron\CrestronProgram\crestron\crestron\bin\Debug\crestron.dll
2018/1/15 16:33:14, Info: Creating Archive C:\Users\Administrator\Desktop\Crestron\CrestronProgram\crestron\crestron\bin\Debug\crestron.cplz...
2018/1/15 16:33:17, Info: Saving project information...
2018/1/15 16:33:33, Info: Terminating SIMPLSharp Services
