2018/1/22 13:27:17, Info: Initializing SIMPLSharp Services...
2018/1/22 13:27:17, Info: ProjectInfo successfully initialized.
2018/1/22 13:27:24, Info: Saving project information...
2018/1/22 13:27:24, Info: Saving project information...
2018/1/22 13:27:24, Info: Saving project information...
2018/1/22 13:27:25, Info: Saving project information...
2018/1/22 13:27:25, Info: Saving project information...
2018/1/22 13:27:25, Info: Saving project information...
2018/1/22 13:27:35, Info: Validating assembly C:\Users\Administrator\Desktop\c#\AsyncSocketServers-master\SIMPLSharpProgram4\SIMPLSharpProgram4\bin\Debug\SIMPLSharpProgram4.dll...
2018/1/22 13:27:37, Info: Verifying assembly C:\Users\Administrator\Desktop\c#\AsyncSocketServers-master\SIMPLSharpProgram4\SIMPLSharpProgram4\bin\Debug\SIMPLSharpProgram4.dll
2018/1/22 13:27:38, Info: Creating Archive C:\Users\Administrator\Desktop\c#\AsyncSocketServers-master\SIMPLSharpProgram4\SIMPLSharpProgram4\bin\Debug\SIMPLSharpProgram4.cpz...
2018/1/22 13:27:38, Info: Saving project information...
2018/1/22 13:27:39, Info: Initializing SIMPLSharp Services...
2018/1/22 13:27:39, Info: ProjectInfo successfully initialized.
2018/1/22 13:27:54, Info: Saving project information...
2018/1/22 13:27:54, Info: Saving project information...
2018/1/22 13:27:54, Info: Saving project information...
2018/1/22 13:27:54, Info: Saving project information...
2018/1/22 13:27:54, Info: Saving project information...
2018/1/22 13:27:54, Info: Saving project information...
2018/1/22 13:27:58, Info: Validating assembly C:\Users\Administrator\Desktop\Crestron\Crestron\CrestronProgram\crestron\crestron\bin\Debug\crestron.dll...
2018/1/22 13:27:59, Info: Verifying assembly C:\Users\Administrator\Desktop\Crestron\Crestron\CrestronProgram\crestron\crestron\bin\Debug\crestron.dll
2018/1/22 13:27:59, Info: Creating Archive C:\Users\Administrator\Desktop\Crestron\Crestron\CrestronProgram\crestron\crestron\bin\Debug\crestron.cplz...
2018/1/22 13:28:02, Info: Saving project information...
2018/1/22 13:55:33, Info: Initializing SIMPLSharp Services...
2018/1/22 13:55:33, Info: ProjectInfo successfully initialized.
2018/1/22 13:56:07, Info: Initializing SIMPLSharp Services...
2018/1/22 13:56:07, Info: ProjectInfo successfully initialized.
2018/1/22 13:57:49, Info: Validating assembly C:\Users\Administrator\Desktop\Crestron\CrestronProgram\Crestron_IR\SIMPL\SIMPL\bin\Debug\SIMPL.dll...
2018/1/22 13:57:52, Info: Verifying assembly C:\Users\Administrator\Desktop\Crestron\CrestronProgram\Crestron_IR\SIMPL\SIMPL\bin\Debug\SIMPL.dll
2018/1/22 13:57:54, Info: Creating Archive C:\Users\Administrator\Desktop\Crestron\CrestronProgram\Crestron_IR\SIMPL\SIMPL\bin\Debug\SIMPL.cpz...
2018/1/22 13:57:57, Info: Saving project information...
2018/1/22 14:04:40, Info: Validating assembly C:\Users\Administrator\Desktop\Crestron\CrestronProgram\Crestron_IR\SIMPL\SIMPL\bin\Debug\SIMPL.dll...
2018/1/22 14:04:42, Info: Verifying assembly C:\Users\Administrator\Desktop\Crestron\CrestronProgram\Crestron_IR\SIMPL\SIMPL\bin\Debug\SIMPL.dll
2018/1/22 14:04:43, Info: Creating Archive C:\Users\Administrator\Desktop\Crestron\CrestronProgram\Crestron_IR\SIMPL\SIMPL\bin\Debug\SIMPL.cpz...
2018/1/22 14:04:46, Info: Saving project information...
2018/1/22 14:08:10, Info: Validating assembly C:\Users\Administrator\Desktop\Crestron\CrestronProgram\Crestron_IR\SIMPL\SIMPL\bin\Debug\SIMPL.dll...
2018/1/22 14:08:11, Info: Verifying assembly C:\Users\Administrator\Desktop\Crestron\CrestronProgram\Crestron_IR\SIMPL\SIMPL\bin\Debug\SIMPL.dll
2018/1/22 14:08:12, Info: Creating Archive C:\Users\Administrator\Desktop\Crestron\CrestronProgram\Crestron_IR\SIMPL\SIMPL\bin\Debug\SIMPL.cpz...
2018/1/22 14:08:14, Info: Saving project information...
2018/1/22 14:10:57, Info: Validating assembly C:\Users\Administrator\Desktop\Crestron\CrestronProgram\Crestron_IR\SIMPL\SIMPL\bin\Debug\SIMPL.dll...
2018/1/22 14:10:58, Info: Verifying assembly C:\Users\Administrator\Desktop\Crestron\CrestronProgram\Crestron_IR\SIMPL\SIMPL\bin\Debug\SIMPL.dll
2018/1/22 14:10:58, Info: Creating Archive C:\Users\Administrator\Desktop\Crestron\CrestronProgram\Crestron_IR\SIMPL\SIMPL\bin\Debug\SIMPL.cpz...
2018/1/22 14:11:00, Info: Saving project information...
2018/1/22 14:11:19, Info: Validating assembly C:\Users\Administrator\Desktop\Crestron\CrestronProgram\Crestron_IR\SIMPL\SIMPL\bin\Debug\SIMPL.dll...
2018/1/22 14:11:20, Info: Verifying assembly C:\Users\Administrator\Desktop\Crestron\CrestronProgram\Crestron_IR\SIMPL\SIMPL\bin\Debug\SIMPL.dll
2018/1/22 14:11:21, Info: Creating Archive C:\Users\Administrator\Desktop\Crestron\CrestronProgram\Crestron_IR\SIMPL\SIMPL\bin\Debug\SIMPL.cpz...
2018/1/22 14:11:22, Info: Saving project information...
2018/1/22 14:20:49, Info: Validating assembly C:\Users\Administrator\Desktop\Crestron\CrestronProgram\Crestron_IR\SIMPL\SIMPL\bin\Debug\SIMPL.dll...
2018/1/22 14:20:49, Info: Verifying assembly C:\Users\Administrator\Desktop\Crestron\CrestronProgram\Crestron_IR\SIMPL\SIMPL\bin\Debug\SIMPL.dll
2018/1/22 14:20:50, Info: Creating Archive C:\Users\Administrator\Desktop\Crestron\CrestronProgram\Crestron_IR\SIMPL\SIMPL\bin\Debug\SIMPL.cpz...
2018/1/22 14:20:52, Info: Saving project information...
2018/1/22 14:24:29, Info: Validating assembly C:\Users\Administrator\Desktop\Crestron\CrestronProgram\Crestron_IR\SIMPL\SIMPL\bin\Debug\SIMPL.dll...
2018/1/22 14:24:30, Info: Verifying assembly C:\Users\Administrator\Desktop\Crestron\CrestronProgram\Crestron_IR\SIMPL\SIMPL\bin\Debug\SIMPL.dll
2018/1/22 14:24:30, Info: Creating Archive C:\Users\Administrator\Desktop\Crestron\CrestronProgram\Crestron_IR\SIMPL\SIMPL\bin\Debug\SIMPL.cpz...
2018/1/22 14:24:32, Info: Saving project information...
2018/1/22 14:27:11, Info: Validating assembly C:\Users\Administrator\Desktop\Crestron\CrestronProgram\Crestron_IR\SIMPL\SIMPL\bin\Debug\SIMPL.dll...
2018/1/22 14:27:12, Info: Verifying assembly C:\Users\Administrator\Desktop\Crestron\CrestronProgram\Crestron_IR\SIMPL\SIMPL\bin\Debug\SIMPL.dll
2018/1/22 14:27:12, Info: Creating Archive C:\Users\Administrator\Desktop\Crestron\CrestronProgram\Crestron_IR\SIMPL\SIMPL\bin\Debug\SIMPL.cpz...
2018/1/22 14:27:14, Info: Saving project information...
2018/1/22 14:29:59, Info: Validating assembly C:\Users\Administrator\Desktop\Crestron\CrestronProgram\Crestron_IR\SIMPL\SIMPL\bin\Debug\SIMPL.dll...
2018/1/22 14:29:59, Info: Verifying assembly C:\Users\Administrator\Desktop\Crestron\CrestronProgram\Crestron_IR\SIMPL\SIMPL\bin\Debug\SIMPL.dll
2018/1/22 14:30:00, Info: Creating Archive C:\Users\Administrator\Desktop\Crestron\CrestronProgram\Crestron_IR\SIMPL\SIMPL\bin\Debug\SIMPL.cpz...
2018/1/22 14:30:02, Info: Saving project information...
2018/1/22 14:31:34, Info: Validating assembly C:\Users\Administrator\Desktop\Crestron\CrestronProgram\Crestron_IR\SIMPL\SIMPL\bin\Debug\SIMPL.dll...
2018/1/22 14:31:35, Info: Verifying assembly C:\Users\Administrator\Desktop\Crestron\CrestronProgram\Crestron_IR\SIMPL\SIMPL\bin\Debug\SIMPL.dll
2018/1/22 14:31:35, Info: Creating Archive C:\Users\Administrator\Desktop\Crestron\CrestronProgram\Crestron_IR\SIMPL\SIMPL\bin\Debug\SIMPL.cpz...
2018/1/22 14:31:37, Info: Saving project information...
2018/1/22 14:33:33, Info: Validating assembly C:\Users\Administrator\Desktop\Crestron\CrestronProgram\Crestron_IR\SIMPL\SIMPL\bin\Debug\SIMPL.dll...
2018/1/22 14:33:34, Info: Verifying assembly C:\Users\Administrator\Desktop\Crestron\CrestronProgram\Crestron_IR\SIMPL\SIMPL\bin\Debug\SIMPL.dll
2018/1/22 14:33:34, Info: Creating Archive C:\Users\Administrator\Desktop\Crestron\CrestronProgram\Crestron_IR\SIMPL\SIMPL\bin\Debug\SIMPL.cpz...
2018/1/22 14:33:37, Info: Saving project information...
2018/1/22 14:34:29, Info: Validating assembly C:\Users\Administrator\Desktop\Crestron\CrestronProgram\Crestron_IR\SIMPL\SIMPL\bin\Debug\SIMPL.dll...
2018/1/22 14:34:30, Info: Verifying assembly C:\Users\Administrator\Desktop\Crestron\CrestronProgram\Crestron_IR\SIMPL\SIMPL\bin\Debug\SIMPL.dll
2018/1/22 14:34:30, Info: Creating Archive C:\Users\Administrator\Desktop\Crestron\CrestronProgram\Crestron_IR\SIMPL\SIMPL\bin\Debug\SIMPL.cpz...
2018/1/22 14:34:33, Info: Saving project information...
2018/1/22 14:37:24, Info: Validating assembly C:\Users\Administrator\Desktop\Crestron\CrestronProgram\Crestron_IR\SIMPL\SIMPL\bin\Debug\SIMPL.dll...
2018/1/22 14:37:24, Info: Verifying assembly C:\Users\Administrator\Desktop\Crestron\CrestronProgram\Crestron_IR\SIMPL\SIMPL\bin\Debug\SIMPL.dll
2018/1/22 14:37:25, Info: Creating Archive C:\Users\Administrator\Desktop\Crestron\CrestronProgram\Crestron_IR\SIMPL\SIMPL\bin\Debug\SIMPL.cpz...
2018/1/22 14:37:27, Info: Saving project information...
2018/1/22 14:39:58, Info: Validating assembly C:\Users\Administrator\Desktop\Crestron\CrestronProgram\Crestron_IR\SIMPL\SIMPL\bin\Debug\SIMPL.dll...
2018/1/22 14:39:59, Info: Verifying assembly C:\Users\Administrator\Desktop\Crestron\CrestronProgram\Crestron_IR\SIMPL\SIMPL\bin\Debug\SIMPL.dll
2018/1/22 14:39:59, Info: Creating Archive C:\Users\Administrator\Desktop\Crestron\CrestronProgram\Crestron_IR\SIMPL\SIMPL\bin\Debug\SIMPL.cpz...
2018/1/22 14:40:01, Info: Saving project information...
2018/1/22 14:45:15, Info: Terminating SIMPLSharp Services
2018/1/22 14:45:15, Info: Saving project information...
2018/1/22 14:45:15, Info: Terminating SIMPLSharp Services
2018/1/22 14:45:15, Info: Saving project information...
2018/1/22 14:45:15, Info: Terminating SIMPLSharp Services
2018/1/22 14:45:15, Info: Saving project information...
2018/1/22 14:45:15, Info: Terminating SIMPLSharp Services
