2018/1/16 8:58:48, Info: Initializing SIMPLSharp Services...
2018/1/16 8:58:49, Info: ProjectInfo successfully initialized.
2018/1/16 9:00:54, Info: Validating assembly C:\Users\Administrator\Desktop\c#\IR\UDP\UDP\bin\Debug\UDP.dll...
2018/1/16 9:00:55, Info: Verifying assembly C:\Users\Administrator\Desktop\c#\IR\UDP\UDP\bin\Debug\UDP.dll
2018/1/16 9:00:56, Info: Creating Archive C:\Users\Administrator\Desktop\c#\IR\UDP\UDP\bin\Debug\UDP.cplz...
2018/1/16 9:00:59, Info: Saving project information...
2018/1/16 9:01:48, Info: Validating assembly C:\Users\Administrator\Desktop\c#\IR\UDP\UDP\bin\Debug\UDP.dll...
2018/1/16 9:01:48, Info: Verifying assembly C:\Users\Administrator\Desktop\c#\IR\UDP\UDP\bin\Debug\UDP.dll
2018/1/16 9:01:48, Info: Creating Archive C:\Users\Administrator\Desktop\c#\IR\UDP\UDP\bin\Debug\UDP.cplz...
2018/1/16 9:01:51, Info: Saving project information...
2018/1/16 9:17:29, Info: Initializing SIMPLSharp Services...
2018/1/16 9:17:29, Info: ProjectInfo successfully initialized.
2018/1/16 9:19:44, Info: Validating assembly C:\Users\Administrator\Desktop\Crestron\CrestronProgram\crestron\crestron\bin\Debug\crestron.dll...
2018/1/16 9:19:45, Info: Verifying assembly C:\Users\Administrator\Desktop\Crestron\CrestronProgram\crestron\crestron\bin\Debug\crestron.dll
2018/1/16 9:19:46, Info: Creating Archive C:\Users\Administrator\Desktop\Crestron\CrestronProgram\crestron\crestron\bin\Debug\crestron.cplz...
2018/1/16 9:19:48, Info: Saving project information...
2018/1/16 9:20:31, Info: Initializing SIMPLSharp Services...
2018/1/16 9:20:31, Info: ProjectInfo successfully initialized.
2018/1/16 9:21:58, Info: Validating assembly C:\Users\Administrator\Desktop\Crestron\CrestronProgram\Crestron_IR\SIMPL\SIMPL\bin\Debug\SIMPL.dll...
2018/1/16 9:21:59, Info: Verifying assembly C:\Users\Administrator\Desktop\Crestron\CrestronProgram\Crestron_IR\SIMPL\SIMPL\bin\Debug\SIMPL.dll
2018/1/16 9:22:00, Info: Creating Archive C:\Users\Administrator\Desktop\Crestron\CrestronProgram\Crestron_IR\SIMPL\SIMPL\bin\Debug\SIMPL.cpz...
2018/1/16 9:22:01, Info: Saving project information...
2018/1/16 9:24:03, Info: Validating assembly C:\Users\Administrator\Desktop\Crestron\CrestronProgram\Crestron_IR\SIMPL\SIMPL\bin\Debug\SIMPL.dll...
2018/1/16 9:24:04, Info: Verifying assembly C:\Users\Administrator\Desktop\Crestron\CrestronProgram\Crestron_IR\SIMPL\SIMPL\bin\Debug\SIMPL.dll
2018/1/16 9:24:05, Info: Creating Archive C:\Users\Administrator\Desktop\Crestron\CrestronProgram\Crestron_IR\SIMPL\SIMPL\bin\Debug\SIMPL.cpz...
2018/1/16 9:24:06, Info: Saving project information...
2018/1/16 9:26:39, Info: Validating assembly C:\Users\Administrator\Desktop\Crestron\CrestronProgram\Crestron_IR\SIMPL\SIMPL\bin\Debug\SIMPL.dll...
2018/1/16 9:26:40, Info: Verifying assembly C:\Users\Administrator\Desktop\Crestron\CrestronProgram\Crestron_IR\SIMPL\SIMPL\bin\Debug\SIMPL.dll
2018/1/16 9:26:40, Info: Creating Archive C:\Users\Administrator\Desktop\Crestron\CrestronProgram\Crestron_IR\SIMPL\SIMPL\bin\Debug\SIMPL.cpz...
2018/1/16 9:26:41, Info: Saving project information...
2018/1/16 9:28:27, Info: Validating assembly C:\Users\Administrator\Desktop\Crestron\CrestronProgram\Crestron_IR\SIMPL\SIMPL\bin\Debug\SIMPL.dll...
2018/1/16 9:28:28, Info: Verifying assembly C:\Users\Administrator\Desktop\Crestron\CrestronProgram\Crestron_IR\SIMPL\SIMPL\bin\Debug\SIMPL.dll
2018/1/16 9:28:28, Info: Creating Archive C:\Users\Administrator\Desktop\Crestron\CrestronProgram\Crestron_IR\SIMPL\SIMPL\bin\Debug\SIMPL.cpz...
2018/1/16 9:28:29, Info: Saving project information...
2018/1/16 9:33:47, Info: Validating assembly C:\Users\Administrator\Desktop\Crestron\CrestronProgram\Crestron_IR\SIMPL\SIMPL\bin\Debug\SIMPL.dll...
2018/1/16 9:33:48, Info: Verifying assembly C:\Users\Administrator\Desktop\Crestron\CrestronProgram\Crestron_IR\SIMPL\SIMPL\bin\Debug\SIMPL.dll
2018/1/16 9:33:48, Info: Creating Archive C:\Users\Administrator\Desktop\Crestron\CrestronProgram\Crestron_IR\SIMPL\SIMPL\bin\Debug\SIMPL.cpz...
2018/1/16 9:33:49, Info: Saving project information...
2018/1/16 9:37:01, Info: Validating assembly C:\Users\Administrator\Desktop\Crestron\CrestronProgram\Crestron_IR\SIMPL\SIMPL\bin\Debug\SIMPL.dll...
2018/1/16 9:37:02, Info: Verifying assembly C:\Users\Administrator\Desktop\Crestron\CrestronProgram\Crestron_IR\SIMPL\SIMPL\bin\Debug\SIMPL.dll
2018/1/16 9:37:02, Info: Creating Archive C:\Users\Administrator\Desktop\Crestron\CrestronProgram\Crestron_IR\SIMPL\SIMPL\bin\Debug\SIMPL.cpz...
2018/1/16 9:37:03, Info: Saving project information...
2018/1/16 9:39:31, Info: Validating assembly C:\Users\Administrator\Desktop\Crestron\CrestronProgram\Crestron_IR\SIMPL\SIMPL\bin\Debug\SIMPL.dll...
2018/1/16 9:39:32, Info: Verifying assembly C:\Users\Administrator\Desktop\Crestron\CrestronProgram\Crestron_IR\SIMPL\SIMPL\bin\Debug\SIMPL.dll
2018/1/16 9:39:32, Info: Creating Archive C:\Users\Administrator\Desktop\Crestron\CrestronProgram\Crestron_IR\SIMPL\SIMPL\bin\Debug\SIMPL.cpz...
2018/1/16 9:39:33, Info: Saving project information...
2018/1/16 9:42:19, Info: Validating assembly C:\Users\Administrator\Desktop\Crestron\CrestronProgram\Crestron_IR\SIMPL\SIMPL\bin\Debug\SIMPL.dll...
2018/1/16 9:42:19, Info: Verifying assembly C:\Users\Administrator\Desktop\Crestron\CrestronProgram\Crestron_IR\SIMPL\SIMPL\bin\Debug\SIMPL.dll
2018/1/16 9:42:19, Info: Creating Archive C:\Users\Administrator\Desktop\Crestron\CrestronProgram\Crestron_IR\SIMPL\SIMPL\bin\Debug\SIMPL.cpz...
2018/1/16 9:42:21, Info: Saving project information...
2018/1/16 9:44:22, Info: Validating assembly C:\Users\Administrator\Desktop\Crestron\CrestronProgram\Crestron_IR\SIMPL\SIMPL\bin\Debug\SIMPL.dll...
2018/1/16 9:44:22, Info: Verifying assembly C:\Users\Administrator\Desktop\Crestron\CrestronProgram\Crestron_IR\SIMPL\SIMPL\bin\Debug\SIMPL.dll
2018/1/16 9:44:23, Info: Creating Archive C:\Users\Administrator\Desktop\Crestron\CrestronProgram\Crestron_IR\SIMPL\SIMPL\bin\Debug\SIMPL.cpz...
2018/1/16 9:44:24, Info: Saving project information...
2018/1/16 9:45:52, Info: Validating assembly C:\Users\Administrator\Desktop\Crestron\CrestronProgram\Crestron_IR\SIMPL\SIMPL\bin\Debug\SIMPL.dll...
2018/1/16 9:45:52, Info: Verifying assembly C:\Users\Administrator\Desktop\Crestron\CrestronProgram\Crestron_IR\SIMPL\SIMPL\bin\Debug\SIMPL.dll
2018/1/16 9:45:52, Info: Creating Archive C:\Users\Administrator\Desktop\Crestron\CrestronProgram\Crestron_IR\SIMPL\SIMPL\bin\Debug\SIMPL.cpz...
2018/1/16 9:45:54, Info: Saving project information...
2018/1/16 9:46:28, Info: Validating assembly C:\Users\Administrator\Desktop\Crestron\CrestronProgram\Crestron_IR\SIMPL\SIMPL\bin\Debug\SIMPL.dll...
2018/1/16 9:46:29, Info: Verifying assembly C:\Users\Administrator\Desktop\Crestron\CrestronProgram\Crestron_IR\SIMPL\SIMPL\bin\Debug\SIMPL.dll
2018/1/16 9:46:29, Info: Creating Archive C:\Users\Administrator\Desktop\Crestron\CrestronProgram\Crestron_IR\SIMPL\SIMPL\bin\Debug\SIMPL.cpz...
2018/1/16 9:46:30, Info: Saving project information...
2018/1/16 9:47:48, Info: Validating assembly C:\Users\Administrator\Desktop\Crestron\CrestronProgram\Crestron_IR\SIMPL\SIMPL\bin\Debug\SIMPL.dll...
2018/1/16 9:47:48, Info: Verifying assembly C:\Users\Administrator\Desktop\Crestron\CrestronProgram\Crestron_IR\SIMPL\SIMPL\bin\Debug\SIMPL.dll
2018/1/16 9:47:48, Info: Creating Archive C:\Users\Administrator\Desktop\Crestron\CrestronProgram\Crestron_IR\SIMPL\SIMPL\bin\Debug\SIMPL.cpz...
2018/1/16 9:47:49, Info: Saving project information...
2018/1/16 9:49:36, Info: Validating assembly C:\Users\Administrator\Desktop\Crestron\CrestronProgram\Crestron_IR\SIMPL\SIMPL\bin\Debug\SIMPL.dll...
2018/1/16 9:49:36, Info: Verifying assembly C:\Users\Administrator\Desktop\Crestron\CrestronProgram\Crestron_IR\SIMPL\SIMPL\bin\Debug\SIMPL.dll
2018/1/16 9:49:36, Info: Creating Archive C:\Users\Administrator\Desktop\Crestron\CrestronProgram\Crestron_IR\SIMPL\SIMPL\bin\Debug\SIMPL.cpz...
2018/1/16 9:49:38, Info: Saving project information...
2018/1/16 10:01:49, Info: Validating assembly C:\Users\Administrator\Desktop\Crestron\CrestronProgram\Crestron_IR\SIMPL\SIMPL\bin\Debug\SIMPL.dll...
2018/1/16 10:01:49, Info: Verifying assembly C:\Users\Administrator\Desktop\Crestron\CrestronProgram\Crestron_IR\SIMPL\SIMPL\bin\Debug\SIMPL.dll
2018/1/16 10:01:49, Info: Creating Archive C:\Users\Administrator\Desktop\Crestron\CrestronProgram\Crestron_IR\SIMPL\SIMPL\bin\Debug\SIMPL.cpz...
2018/1/16 10:01:51, Info: Saving project information...
2018/1/16 10:05:54, Info: Validating assembly C:\Users\Administrator\Desktop\Crestron\CrestronProgram\Crestron_IR\SIMPL\SIMPL\bin\Debug\SIMPL.dll...
2018/1/16 10:05:54, Info: Verifying assembly C:\Users\Administrator\Desktop\Crestron\CrestronProgram\Crestron_IR\SIMPL\SIMPL\bin\Debug\SIMPL.dll
2018/1/16 10:05:54, Info: Creating Archive C:\Users\Administrator\Desktop\Crestron\CrestronProgram\Crestron_IR\SIMPL\SIMPL\bin\Debug\SIMPL.cpz...
2018/1/16 10:05:56, Info: Saving project information...
2018/1/16 10:08:22, Info: Validating assembly C:\Users\Administrator\Desktop\Crestron\CrestronProgram\Crestron_IR\SIMPL\SIMPL\bin\Debug\SIMPL.dll...
2018/1/16 10:08:22, Info: Verifying assembly C:\Users\Administrator\Desktop\Crestron\CrestronProgram\Crestron_IR\SIMPL\SIMPL\bin\Debug\SIMPL.dll
2018/1/16 10:08:22, Info: Creating Archive C:\Users\Administrator\Desktop\Crestron\CrestronProgram\Crestron_IR\SIMPL\SIMPL\bin\Debug\SIMPL.cpz...
2018/1/16 10:08:24, Info: Saving project information...
2018/1/16 10:10:40, Info: Validating assembly C:\Users\Administrator\Desktop\Crestron\CrestronProgram\Crestron_IR\SIMPL\SIMPL\bin\Debug\SIMPL.dll...
2018/1/16 10:10:40, Info: Verifying assembly C:\Users\Administrator\Desktop\Crestron\CrestronProgram\Crestron_IR\SIMPL\SIMPL\bin\Debug\SIMPL.dll
2018/1/16 10:10:40, Info: Creating Archive C:\Users\Administrator\Desktop\Crestron\CrestronProgram\Crestron_IR\SIMPL\SIMPL\bin\Debug\SIMPL.cpz...
2018/1/16 10:10:42, Info: Saving project information...
2018/1/16 10:18:51, Info: Validating assembly C:\Users\Administrator\Desktop\Crestron\CrestronProgram\Crestron_IR\SIMPL\SIMPL\bin\Debug\SIMPL.dll...
2018/1/16 10:18:52, Info: Verifying assembly C:\Users\Administrator\Desktop\Crestron\CrestronProgram\Crestron_IR\SIMPL\SIMPL\bin\Debug\SIMPL.dll
2018/1/16 10:18:52, Info: Creating Archive C:\Users\Administrator\Desktop\Crestron\CrestronProgram\Crestron_IR\SIMPL\SIMPL\bin\Debug\SIMPL.cpz...
2018/1/16 10:18:53, Info: Saving project information...
2018/1/16 10:19:08, Info: Validating assembly C:\Users\Administrator\Desktop\Crestron\CrestronProgram\Crestron_IR\SIMPL\SIMPL\bin\Debug\SIMPL.dll...
2018/1/16 10:19:09, Info: Verifying assembly C:\Users\Administrator\Desktop\Crestron\CrestronProgram\Crestron_IR\SIMPL\SIMPL\bin\Debug\SIMPL.dll
2018/1/16 10:19:09, Info: Creating Archive C:\Users\Administrator\Desktop\Crestron\CrestronProgram\Crestron_IR\SIMPL\SIMPL\bin\Debug\SIMPL.cpz...
2018/1/16 10:19:10, Info: Saving project information...
2018/1/16 10:22:13, Info: Validating assembly C:\Users\Administrator\Desktop\Crestron\CrestronProgram\Crestron_IR\SIMPL\SIMPL\bin\Debug\SIMPL.dll...
2018/1/16 10:22:14, Info: Verifying assembly C:\Users\Administrator\Desktop\Crestron\CrestronProgram\Crestron_IR\SIMPL\SIMPL\bin\Debug\SIMPL.dll
2018/1/16 10:22:14, Info: Creating Archive C:\Users\Administrator\Desktop\Crestron\CrestronProgram\Crestron_IR\SIMPL\SIMPL\bin\Debug\SIMPL.cpz...
2018/1/16 10:22:15, Info: Saving project information...
2018/1/16 10:25:08, Info: Validating assembly C:\Users\Administrator\Desktop\Crestron\CrestronProgram\Crestron_IR\SIMPL\SIMPL\bin\Debug\SIMPL.dll...
2018/1/16 10:25:09, Info: Verifying assembly C:\Users\Administrator\Desktop\Crestron\CrestronProgram\Crestron_IR\SIMPL\SIMPL\bin\Debug\SIMPL.dll
2018/1/16 10:25:09, Info: Creating Archive C:\Users\Administrator\Desktop\Crestron\CrestronProgram\Crestron_IR\SIMPL\SIMPL\bin\Debug\SIMPL.cpz...
2018/1/16 10:25:11, Info: Saving project information...
2018/1/16 10:32:02, Info: Validating assembly C:\Users\Administrator\Desktop\Crestron\CrestronProgram\Crestron_IR\SIMPL\SIMPL\bin\Debug\SIMPL.dll...
2018/1/16 10:32:03, Info: Verifying assembly C:\Users\Administrator\Desktop\Crestron\CrestronProgram\Crestron_IR\SIMPL\SIMPL\bin\Debug\SIMPL.dll
2018/1/16 10:32:03, Info: Creating Archive C:\Users\Administrator\Desktop\Crestron\CrestronProgram\Crestron_IR\SIMPL\SIMPL\bin\Debug\SIMPL.cpz...
2018/1/16 10:32:04, Info: Saving project information...
2018/1/16 10:32:24, Info: Validating assembly C:\Users\Administrator\Desktop\Crestron\CrestronProgram\Crestron_IR\SIMPL\SIMPL\bin\Debug\SIMPL.dll...
2018/1/16 10:32:25, Info: Verifying assembly C:\Users\Administrator\Desktop\Crestron\CrestronProgram\Crestron_IR\SIMPL\SIMPL\bin\Debug\SIMPL.dll
2018/1/16 10:32:25, Info: Creating Archive C:\Users\Administrator\Desktop\Crestron\CrestronProgram\Crestron_IR\SIMPL\SIMPL\bin\Debug\SIMPL.cpz...
2018/1/16 10:32:26, Info: Saving project information...
2018/1/16 10:32:39, Info: Validating assembly C:\Users\Administrator\Desktop\Crestron\CrestronProgram\Crestron_IR\SIMPL\SIMPL\bin\Debug\SIMPL.dll...
2018/1/16 10:32:40, Info: Verifying assembly C:\Users\Administrator\Desktop\Crestron\CrestronProgram\Crestron_IR\SIMPL\SIMPL\bin\Debug\SIMPL.dll
2018/1/16 10:32:40, Info: Creating Archive C:\Users\Administrator\Desktop\Crestron\CrestronProgram\Crestron_IR\SIMPL\SIMPL\bin\Debug\SIMPL.cpz...
2018/1/16 10:32:42, Info: Saving project information...
2018/1/16 10:41:38, Info: Saving project information...
2018/1/16 10:41:38, Info: Saving project information...
2018/1/16 10:41:38, Info: Saving project information...
2018/1/16 10:41:38, Info: Saving project information...
2018/1/16 10:41:38, Info: Saving project information...
2018/1/16 10:41:38, Info: Saving project information...
2018/1/16 10:41:40, Info: Validating assembly C:\Users\Administrator\Desktop\Crestron\CrestronProgram\Crestron_IR\SIMPL\SIMPL\bin\Debug\SIMPL.dll...
2018/1/16 10:41:41, Info: Verifying assembly C:\Users\Administrator\Desktop\Crestron\CrestronProgram\Crestron_IR\SIMPL\SIMPL\bin\Debug\SIMPL.dll
2018/1/16 10:41:41, Info: Creating Archive C:\Users\Administrator\Desktop\Crestron\CrestronProgram\Crestron_IR\SIMPL\SIMPL\bin\Debug\SIMPL.cpz...
2018/1/16 10:41:42, Info: Saving project information...
2018/1/16 10:43:03, Info: Validating assembly C:\Users\Administrator\Desktop\Crestron\CrestronProgram\Crestron_IR\SIMPL\SIMPL\bin\Debug\SIMPL.dll...
2018/1/16 10:43:04, Info: Verifying assembly C:\Users\Administrator\Desktop\Crestron\CrestronProgram\Crestron_IR\SIMPL\SIMPL\bin\Debug\SIMPL.dll
2018/1/16 10:43:05, Info: Creating Archive C:\Users\Administrator\Desktop\Crestron\CrestronProgram\Crestron_IR\SIMPL\SIMPL\bin\Debug\SIMPL.cpz...
2018/1/16 10:43:06, Info: Saving project information...
2018/1/16 11:10:32, Info: Validating assembly C:\Users\Administrator\Desktop\Crestron\CrestronProgram\Crestron_IR\SIMPL\SIMPL\bin\Debug\SIMPL.dll...
2018/1/16 11:10:33, Info: Verifying assembly C:\Users\Administrator\Desktop\Crestron\CrestronProgram\Crestron_IR\SIMPL\SIMPL\bin\Debug\SIMPL.dll
2018/1/16 11:10:33, Info: Creating Archive C:\Users\Administrator\Desktop\Crestron\CrestronProgram\Crestron_IR\SIMPL\SIMPL\bin\Debug\SIMPL.cpz...
2018/1/16 11:10:35, Info: Saving project information...
2018/1/16 11:27:59, Info: Validating assembly C:\Users\Administrator\Desktop\Crestron\CrestronProgram\Crestron_IR\SIMPL\SIMPL\bin\Debug\SIMPL.dll...
2018/1/16 11:28:00, Info: Verifying assembly C:\Users\Administrator\Desktop\Crestron\CrestronProgram\Crestron_IR\SIMPL\SIMPL\bin\Debug\SIMPL.dll
2018/1/16 11:28:00, Info: Creating Archive C:\Users\Administrator\Desktop\Crestron\CrestronProgram\Crestron_IR\SIMPL\SIMPL\bin\Debug\SIMPL.cpz...
2018/1/16 11:28:01, Info: Saving project information...
2018/1/16 11:30:19, Info: Validating assembly C:\Users\Administrator\Desktop\Crestron\CrestronProgram\Crestron_IR\SIMPL\SIMPL\bin\Debug\SIMPL.dll...
2018/1/16 11:30:20, Info: Verifying assembly C:\Users\Administrator\Desktop\Crestron\CrestronProgram\Crestron_IR\SIMPL\SIMPL\bin\Debug\SIMPL.dll
2018/1/16 11:30:20, Info: Creating Archive C:\Users\Administrator\Desktop\Crestron\CrestronProgram\Crestron_IR\SIMPL\SIMPL\bin\Debug\SIMPL.cpz...
2018/1/16 11:30:21, Info: Saving project information...
2018/1/16 11:32:43, Info: Validating assembly C:\Users\Administrator\Desktop\Crestron\CrestronProgram\Crestron_IR\SIMPL\SIMPL\bin\Debug\SIMPL.dll...
2018/1/16 11:32:43, Info: Verifying assembly C:\Users\Administrator\Desktop\Crestron\CrestronProgram\Crestron_IR\SIMPL\SIMPL\bin\Debug\SIMPL.dll
2018/1/16 11:32:44, Info: Creating Archive C:\Users\Administrator\Desktop\Crestron\CrestronProgram\Crestron_IR\SIMPL\SIMPL\bin\Debug\SIMPL.cpz...
2018/1/16 11:32:45, Info: Saving project information...
2018/1/16 11:35:23, Info: Validating assembly C:\Users\Administrator\Desktop\Crestron\CrestronProgram\Crestron_IR\SIMPL\SIMPL\bin\Debug\SIMPL.dll...
2018/1/16 11:35:23, Info: Verifying assembly C:\Users\Administrator\Desktop\Crestron\CrestronProgram\Crestron_IR\SIMPL\SIMPL\bin\Debug\SIMPL.dll
2018/1/16 11:35:23, Info: Creating Archive C:\Users\Administrator\Desktop\Crestron\CrestronProgram\Crestron_IR\SIMPL\SIMPL\bin\Debug\SIMPL.cpz...
2018/1/16 11:35:25, Info: Saving project information...
2018/1/16 11:40:30, Info: Validating assembly C:\Users\Administrator\Desktop\Crestron\CrestronProgram\Crestron_IR\SIMPL\SIMPL\bin\Debug\SIMPL.dll...
2018/1/16 11:40:30, Info: Verifying assembly C:\Users\Administrator\Desktop\Crestron\CrestronProgram\Crestron_IR\SIMPL\SIMPL\bin\Debug\SIMPL.dll
2018/1/16 11:40:30, Info: Creating Archive C:\Users\Administrator\Desktop\Crestron\CrestronProgram\Crestron_IR\SIMPL\SIMPL\bin\Debug\SIMPL.cpz...
2018/1/16 11:40:32, Info: Saving project information...
2018/1/16 11:47:00, Info: Validating assembly C:\Users\Administrator\Desktop\Crestron\CrestronProgram\Crestron_IR\SIMPL\SIMPL\bin\Debug\SIMPL.dll...
2018/1/16 11:47:01, Info: Verifying assembly C:\Users\Administrator\Desktop\Crestron\CrestronProgram\Crestron_IR\SIMPL\SIMPL\bin\Debug\SIMPL.dll
2018/1/16 11:47:01, Info: Creating Archive C:\Users\Administrator\Desktop\Crestron\CrestronProgram\Crestron_IR\SIMPL\SIMPL\bin\Debug\SIMPL.cpz...
2018/1/16 11:47:02, Info: Saving project information...
2018/1/16 11:58:02, Info: Validating assembly C:\Users\Administrator\Desktop\Crestron\CrestronProgram\Crestron_IR\SIMPL\SIMPL\bin\Debug\SIMPL.dll...
2018/1/16 11:58:02, Info: Verifying assembly C:\Users\Administrator\Desktop\Crestron\CrestronProgram\Crestron_IR\SIMPL\SIMPL\bin\Debug\SIMPL.dll
2018/1/16 11:58:03, Info: Creating Archive C:\Users\Administrator\Desktop\Crestron\CrestronProgram\Crestron_IR\SIMPL\SIMPL\bin\Debug\SIMPL.cpz...
2018/1/16 11:58:04, Info: Saving project information...
2018/1/16 13:49:21, Info: Validating assembly C:\Users\Administrator\Desktop\Crestron\CrestronProgram\Crestron_IR\SIMPL\SIMPL\bin\Debug\SIMPL.dll...
2018/1/16 13:49:22, Info: Verifying assembly C:\Users\Administrator\Desktop\Crestron\CrestronProgram\Crestron_IR\SIMPL\SIMPL\bin\Debug\SIMPL.dll
2018/1/16 13:49:22, Info: Creating Archive C:\Users\Administrator\Desktop\Crestron\CrestronProgram\Crestron_IR\SIMPL\SIMPL\bin\Debug\SIMPL.cpz...
2018/1/16 13:49:23, Info: Saving project information...
2018/1/16 13:57:57, Info: Validating assembly C:\Users\Administrator\Desktop\Crestron\CrestronProgram\Crestron_IR\SIMPL\SIMPL\bin\Debug\SIMPL.dll...
2018/1/16 13:57:58, Info: Verifying assembly C:\Users\Administrator\Desktop\Crestron\CrestronProgram\Crestron_IR\SIMPL\SIMPL\bin\Debug\SIMPL.dll
2018/1/16 13:57:58, Info: Creating Archive C:\Users\Administrator\Desktop\Crestron\CrestronProgram\Crestron_IR\SIMPL\SIMPL\bin\Debug\SIMPL.cpz...
2018/1/16 13:57:59, Info: Saving project information...
2018/1/16 14:03:52, Info: Validating assembly C:\Users\Administrator\Desktop\Crestron\CrestronProgram\Crestron_IR\SIMPL\SIMPL\bin\Debug\SIMPL.dll...
2018/1/16 14:03:53, Info: Verifying assembly C:\Users\Administrator\Desktop\Crestron\CrestronProgram\Crestron_IR\SIMPL\SIMPL\bin\Debug\SIMPL.dll
2018/1/16 14:03:53, Info: Creating Archive C:\Users\Administrator\Desktop\Crestron\CrestronProgram\Crestron_IR\SIMPL\SIMPL\bin\Debug\SIMPL.cpz...
2018/1/16 14:03:54, Info: Saving project information...
2018/1/16 14:06:30, Info: Validating assembly C:\Users\Administrator\Desktop\Crestron\CrestronProgram\Crestron_IR\SIMPL\SIMPL\bin\Debug\SIMPL.dll...
2018/1/16 14:06:30, Info: Verifying assembly C:\Users\Administrator\Desktop\Crestron\CrestronProgram\Crestron_IR\SIMPL\SIMPL\bin\Debug\SIMPL.dll
2018/1/16 14:06:31, Info: Creating Archive C:\Users\Administrator\Desktop\Crestron\CrestronProgram\Crestron_IR\SIMPL\SIMPL\bin\Debug\SIMPL.cpz...
2018/1/16 14:06:32, Info: Saving project information...
2018/1/16 14:08:16, Info: Validating assembly C:\Users\Administrator\Desktop\Crestron\CrestronProgram\Crestron_IR\SIMPL\SIMPL\bin\Debug\SIMPL.dll...
2018/1/16 14:08:16, Info: Verifying assembly C:\Users\Administrator\Desktop\Crestron\CrestronProgram\Crestron_IR\SIMPL\SIMPL\bin\Debug\SIMPL.dll
2018/1/16 14:08:17, Info: Creating Archive C:\Users\Administrator\Desktop\Crestron\CrestronProgram\Crestron_IR\SIMPL\SIMPL\bin\Debug\SIMPL.cpz...
2018/1/16 14:08:18, Info: Saving project information...
2018/1/16 14:11:04, Info: Validating assembly C:\Users\Administrator\Desktop\Crestron\CrestronProgram\Crestron_IR\SIMPL\SIMPL\bin\Debug\SIMPL.dll...
2018/1/16 14:11:05, Info: Verifying assembly C:\Users\Administrator\Desktop\Crestron\CrestronProgram\Crestron_IR\SIMPL\SIMPL\bin\Debug\SIMPL.dll
2018/1/16 14:11:06, Info: Creating Archive C:\Users\Administrator\Desktop\Crestron\CrestronProgram\Crestron_IR\SIMPL\SIMPL\bin\Debug\SIMPL.cpz...
2018/1/16 14:11:07, Info: Saving project information...
2018/1/16 14:17:03, Info: Validating assembly C:\Users\Administrator\Desktop\Crestron\CrestronProgram\Crestron_IR\SIMPL\SIMPL\bin\Debug\SIMPL.dll...
2018/1/16 14:17:04, Info: Verifying assembly C:\Users\Administrator\Desktop\Crestron\CrestronProgram\Crestron_IR\SIMPL\SIMPL\bin\Debug\SIMPL.dll
2018/1/16 14:17:04, Info: Creating Archive C:\Users\Administrator\Desktop\Crestron\CrestronProgram\Crestron_IR\SIMPL\SIMPL\bin\Debug\SIMPL.cpz...
2018/1/16 14:17:05, Exception: 文件“C:\Users\Administrator\Desktop\Crestron\CrestronProgram\Crestron_IR\SIMPL\SIMPL\bin\Debug\SIMPL.cpz”正由另一进程使用，因此该进程无法访问该文件。
   在 System.IO.__Error.WinIOError(Int32 errorCode, String maybeFullPath)
   在 System.IO.File.Delete(String path)
   在 Crestron.Tools.SIMPLSharp.Services.Utilities.Zipper.Zip(String zipFileName, Folder folderToZip)
   在 i.a(String A_0, IList`1 A_1, String A_2)
2018/1/16 14:21:42, Info: Saving project information...
2018/1/16 14:21:42, Info: Saving project information...
2018/1/16 14:21:42, Info: Saving project information...
2018/1/16 14:21:46, Info: Saving project information...
2018/1/16 14:21:46, Info: Saving project information...
2018/1/16 14:21:46, Info: Saving project information...
2018/1/16 14:21:46, Info: Saving project information...
2018/1/16 14:21:46, Info: Saving project information...
2018/1/16 14:21:46, Info: Saving project information...
2018/1/16 14:21:48, Info: Terminating SIMPLSharp Services
2018/1/16 14:21:48, Info: Saving project information...
2018/1/16 14:21:48, Info: Terminating SIMPLSharp Services
2018/1/16 14:21:48, Info: Saving project information...
2018/1/16 14:21:48, Info: Terminating SIMPLSharp Services
