2018/1/15 17:19:18, Info: Initializing SIMPLSharp Services...
2018/1/15 17:19:18, Info: ProjectInfo successfully initialized.
2018/1/15 17:19:37, Info: Initializing SIMPLSharp Services...
2018/1/15 17:19:37, Info: ProjectInfo successfully initialized.
2018/1/15 17:19:38, Info: Saving project information...
2018/1/15 17:19:38, Info: Saving project information...
2018/1/15 17:19:38, Info: Saving project information...
2018/1/15 17:19:38, Info: Saving project information...
2018/1/15 17:19:38, Info: Saving project information...
2018/1/15 17:19:38, Info: Saving project information...
2018/1/15 17:21:44, Info: Saving project information...
2018/1/15 17:21:44, Info: Saving project information...
2018/1/15 17:21:44, Info: Saving project information...
2018/1/15 17:21:44, Info: Saving project information...
2018/1/15 17:21:44, Info: Saving project information...
2018/1/15 17:21:44, Info: Saving project information...
2018/1/15 17:24:12, Info: Saving project information...
2018/1/15 17:24:12, Info: Saving project information...
2018/1/15 17:24:12, Info: Saving project information...
2018/1/15 17:24:12, Info: Saving project information...
2018/1/15 17:24:12, Info: Saving project information...
2018/1/15 17:24:12, Info: Saving project information...
2018/1/15 17:24:15, Info: Validating assembly C:\Users\Administrator\Desktop\Crestron\CrestronProgram\Crestron_IR\SIMPL\SIMPL\bin\Debug\SIMPL.dll...
2018/1/15 17:24:16, Info: Verifying assembly C:\Users\Administrator\Desktop\Crestron\CrestronProgram\Crestron_IR\SIMPL\SIMPL\bin\Debug\SIMPL.dll
2018/1/15 17:24:16, Info: Creating Archive C:\Users\Administrator\Desktop\Crestron\CrestronProgram\Crestron_IR\SIMPL\SIMPL\bin\Debug\SIMPL.cpz...
2018/1/15 17:24:17, Info: Saving project information...
2018/1/15 18:57:47, Info: Terminating SIMPLSharp Services
2018/1/15 18:57:47, Info: Saving project information...
2018/1/15 18:57:47, Info: Terminating SIMPLSharp Services
